<?xml version="1.0" encoding="UTF-8"?>
<testsuite xmlns:xsi="http://www.w3.org/2001/XMLSchema-instance" xsi:schemaLocation="https://maven.apache.org/surefire/maven-surefire-plugin/xsd/surefire-test-report.xsd" name="Scenario: Expire Session" time="9.214" tests="22" errors="0" skipped="0" failures="2">
  <properties>
    <property name="java.runtime.name" value="Java(TM) SE Runtime Environment"/>
    <property name="sun.boot.library.path" value="C:\Program Files\Java\jdk1.8.0_144\jre\bin"/>
    <property name="java.vm.version" value="25.144-b01"/>
    <property name="java.vm.vendor" value="Oracle Corporation"/>
    <property name="maven.multiModuleProjectDirectory" value="C:\PPES\plc_api_test"/>
    <property name="java.vendor.url" value="http://java.oracle.com/"/>
    <property name="path.separator" value=";"/>
    <property name="guice.disable.misplaced.annotation.check" value="true"/>
    <property name="java.vm.name" value="Java HotSpot(TM) 64-Bit Server VM"/>
    <property name="file.encoding.pkg" value="sun.io"/>
    <property name="user.script" value=""/>
    <property name="user.country" value="US"/>
    <property name="sun.java.launcher" value="SUN_STANDARD"/>
    <property name="sun.os.patch.level" value=""/>
    <property name="java.vm.specification.name" value="Java Virtual Machine Specification"/>
    <property name="user.dir" value="C:\PPES\plc_api_test"/>
    <property name="java.runtime.version" value="1.8.0_144-b01"/>
    <property name="java.awt.graphicsenv" value="sun.awt.Win32GraphicsEnvironment"/>
    <property name="java.endorsed.dirs" value="C:\Program Files\Java\jdk1.8.0_144\jre\lib\endorsed"/>
    <property name="os.arch" value="amd64"/>
    <property name="java.io.tmpdir" value="C:\Users\T8C0C~1.AYY\AppData\Local\Temp\"/>
    <property name="line.separator" value="&#10;"/>
    <property name="java.vm.specification.vendor" value="Oracle Corporation"/>
    <property name="user.variant" value=""/>
    <property name="os.name" value="Windows 10"/>
    <property name="classworlds.conf" value="C:\apache-maven-3.3.9\bin\..\bin\m2.conf"/>
    <property name="sun.jnu.encoding" value="Cp1252"/>
    <property name="java.library.path" value="C:\Program Files\Java\jdk1.8.0_144\bin;C:\windows\Sun\Java\bin;C:\windows\system32;C:\windows;C:\ProgramData\Oracle\Java\javapath;C:\windows\system32;C:\windows;C:\windows\System32\Wbem;C:\windows\System32\WindowsPowerShell\v1.0\;C:\Program Files\PuTTY\;C:\Program Files\OpenVPN\bin;C:\apache-maven-3.3.9\bin;C:\Program Files\Java\jdk1.8.0_144\bin;C:\Program Files\MySQL\MySQL Utilities 1.6\;C:\Program Files\Git\cmd;C:\Users\t.ayyasamy\AppData\Local\Microsoft\WindowsApps;;."/>
    <property name="java.specification.name" value="Java Platform API Specification"/>
    <property name="java.class.version" value="52.0"/>
    <property name="sun.management.compiler" value="HotSpot 64-Bit Tiered Compilers"/>
    <property name="os.version" value="10.0"/>
    <property name="user.home" value="C:\Users\t.ayyasamy"/>
    <property name="user.timezone" value="Asia/Calcutta"/>
    <property name="java.awt.printerjob" value="sun.awt.windows.WPrinterJob"/>
    <property name="java.specification.version" value="1.8"/>
    <property name="file.encoding" value="Cp1252"/>
    <property name="user.name" value="t.ayyasamy"/>
    <property name="java.class.path" value="C:\apache-maven-3.3.9\bin\..\boot\plexus-classworlds-2.5.2.jar"/>
    <property name="java.vm.specification.version" value="1.8"/>
    <property name="sun.arch.data.model" value="64"/>
    <property name="java.home" value="C:\Program Files\Java\jdk1.8.0_144\jre"/>
    <property name="sun.java.command" value="org.codehaus.plexus.classworlds.launcher.Launcher clean install"/>
    <property name="java.specification.vendor" value="Oracle Corporation"/>
    <property name="user.language" value="en"/>
    <property name="awt.toolkit" value="sun.awt.windows.WToolkit"/>
    <property name="java.vm.info" value="mixed mode"/>
    <property name="java.version" value="1.8.0_144"/>
    <property name="java.ext.dirs" value="C:\Program Files\Java\jdk1.8.0_144\jre\lib\ext;C:\windows\Sun\Java\lib\ext"/>
    <property name="sun.boot.class.path" value="C:\Program Files\Java\jdk1.8.0_144\jre\lib\resources.jar;C:\Program Files\Java\jdk1.8.0_144\jre\lib\rt.jar;C:\Program Files\Java\jdk1.8.0_144\jre\lib\sunrsasign.jar;C:\Program Files\Java\jdk1.8.0_144\jre\lib\jsse.jar;C:\Program Files\Java\jdk1.8.0_144\jre\lib\jce.jar;C:\Program Files\Java\jdk1.8.0_144\jre\lib\charsets.jar;C:\Program Files\Java\jdk1.8.0_144\jre\lib\jfr.jar;C:\Program Files\Java\jdk1.8.0_144\jre\classes"/>
    <property name="sun.stderr.encoding" value="cp437"/>
    <property name="java.vendor" value="Oracle Corporation"/>
    <property name="maven.home" value="C:\apache-maven-3.3.9\bin\.."/>
    <property name="file.separator" value="\"/>
    <property name="java.vendor.url.bug" value="http://bugreport.sun.com/bugreport/"/>
    <property name="sun.cpu.endian" value="little"/>
    <property name="sun.io.unicode.encoding" value="UnicodeLittle"/>
    <property name="sun.stdout.encoding" value="cp437"/>
    <property name="sun.desktop" value="windows"/>
    <property name="sun.cpu.isalist" value="amd64"/>
  </properties>
  <testcase name="Given the API are up and running" classname="Scenario: To get the client id" time="0.016"/>
  <testcase name="When a user perform the get request" classname="Scenario: To get the client id" time="0"/>
  <testcase name="Then the response code should be 200" classname="Scenario: To get the client id" time="0"/>
  <testcase name="And I see the json response includes in any order" classname="Scenario: To get the client id" time="0"/>
  <testcase name="Scenario: To get the client id" classname="Scenario: To get the client id" time="0"/>
  <testcase name="Given the Generate Session for user API" classname="Scenario: Generate session for user" time="0"/>
  <testcase name="When a user perform the post request with user" classname="Scenario: Generate session for user" time="0"/>
  <testcase name="Then the response code should be 200" classname="Scenario: Generate session for user" time="0"/>
  <testcase name="And I see the json response for Generate session for user" classname="Scenario: Generate session for user" time="0"/>
  <testcase name="Scenario: Generate session for user" classname="Scenario: Generate session for user" time="0"/>
  <testcase name="Given check the session for user" classname="Scenario: Check the session for user" time="0"/>
  <testcase name="When a user perform to get the check session for user" classname="Scenario: Check the session for user" time="0"/>
  <testcase name="Then the response code should be 200" classname="Scenario: Check the session for user" time="0.004"/>
  <testcase name="And I see the json response for check the session for user" classname="Scenario: Check the session for user" time="0"/>
  <testcase name="Scenario: Check the session for user" classname="Scenario: Check the session for user" time="0"/>
  <testcase name="When a user perform to check the cilent ID" classname="Scenario: Check the Client ID" time="0"/>
  <testcase name="Then the response code should be 200" classname="Scenario: Check the Client ID" time="0"/>
  <testcase name="And I see the json response as true" classname="Scenario: Check the Client ID" time="0"/>
  <testcase name="Scenario: Check the Client ID" classname="Scenario: Check the Client ID" time="0"/>
  <testcase name="When a user perform to post expire the session" classname="Scenario: Expire Session" time="0"/>
  <testcase name="And I see the json response for expire the session" classname="Scenario: Expire Session" time="0.016">
    <failure message="expected:&lt;1&gt; but was:&lt;300&gt;" type="java.lang.AssertionError"><![CDATA[java.lang.AssertionError: expected:<1> but was:<300>
]]></failure>
    <system-out><![CDATA[Response {id=0, apistatus={sessionId=ed6f805f-9453-11e7-b4b8-06f0525620d6, sessionExpireDate=null, fieldCollection=null, responseCode=1, responseDescription=Success}, actionCount=0}
]]></system-out>
  </testcase>
  <testcase name="Scenario: Expire Session" classname="Scenario: Expire Session" time="0.016">
    <failure message="expected:&lt;1&gt; but was:&lt;300&gt;" type="java.lang.AssertionError"><![CDATA[java.lang.AssertionError: expected:<1> but was:<300>
]]></failure>
  </testcase>
</testsuite>